 
****************************************
check_design summary:
Version:     F-2011.09-SP2
Date:        Wed Apr 20 21:53:12 2016
****************************************

                   Name                                            Total
--------------------------------------------------------------------------------
Inputs/Outputs                                                     97
    Shorted outputs (LINT-31)                                      81
    Constant outputs (LINT-52)                                     16

Cells                                                               2
    Cells do not drive (LINT-1)                                     2

Nets                                                               47
    Unloaded nets (LINT-2)                                         47
--------------------------------------------------------------------------------

Warning: In design 'inputBuffer_PE1', cell 'B_10' does not drive any nets. (LINT-1)
Warning: In design 'inputBuffer_PE1', cell 'B_11' does not drive any nets. (LINT-1)
Warning: In design 'gold_cmp', net 'proc_0/PC/net2222' driven by pin 'proc_0/PC/C195/Z' has no loads. (LINT-2)
Warning: In design 'gold_cmp', net 'proc_0/ALU/net2368' driven by pin 'proc_0/ALU/C2072/Z' has no loads. (LINT-2)
Warning: In design 'gold_cmp', net 'proc_0/ALU/net2367' driven by pin 'proc_0/ALU/C2071/Z' has no loads. (LINT-2)
Warning: In design 'gold_cmp', net 'proc_0/ALU/net2366' driven by pin 'proc_0/ALU/C2070/Z' has no loads. (LINT-2)
Warning: In design 'gold_cmp', net 'proc_0/ALU/net2365' driven by pin 'proc_0/ALU/C2069/Z' has no loads. (LINT-2)
Warning: In design 'gold_cmp', net 'proc_0/ALU/net2364' driven by pin 'proc_0/ALU/C2063/Z' has no loads. (LINT-2)
Warning: In design 'gold_cmp', net 'proc_0/ALU/net2363' driven by pin 'proc_0/ALU/C2062/Z' has no loads. (LINT-2)
Warning: In design 'gold_cmp', net 'proc_0/ALU/net2362' driven by pin 'proc_0/ALU/C2061/Z' has no loads. (LINT-2)
Warning: In design 'gold_cmp', net 'proc_0/ALU/net2361' driven by pin 'proc_0/ALU/C2060/Z' has no loads. (LINT-2)
Warning: In design 'gold_cmp', net 'proc_0/ALU/net2360' driven by pin 'proc_0/ALU/C2054/Z' has no loads. (LINT-2)
Warning: In design 'gold_cmp', net 'proc_0/ALU/net2359' driven by pin 'proc_0/ALU/C2053/Z' has no loads. (LINT-2)
Warning: In design 'gold_cmp', net 'proc_0/ALU/net2358' driven by pin 'proc_0/ALU/C2052/Z' has no loads. (LINT-2)
Warning: In design 'gold_cmp', net 'proc_0/ALU/net2357' driven by pin 'proc_0/ALU/C2051/Z' has no loads. (LINT-2)
Warning: In design 'gold_cmp', net 'proc_0/ALU/net2356' driven by pin 'proc_0/ALU/C2045/Z' has no loads. (LINT-2)
Warning: In design 'gold_cmp', net 'proc_0/ALU/net2355' driven by pin 'proc_0/ALU/C2044/Z' has no loads. (LINT-2)
Warning: In design 'gold_cmp', net 'proc_0/ALU/net2354' driven by pin 'proc_0/ALU/C2043/Z' has no loads. (LINT-2)
Warning: In design 'gold_cmp', net 'proc_0/ALU/net2353' driven by pin 'proc_0/ALU/C2042/Z' has no loads. (LINT-2)
Warning: In design 'gold_cmp', net 'proc_0/ALU/net2352' driven by pin 'proc_0/ALU/C2036/Z' has no loads. (LINT-2)
Warning: In design 'gold_cmp', net 'proc_0/ALU/net2351' driven by pin 'proc_0/ALU/C2035/Z' has no loads. (LINT-2)
Warning: In design 'gold_cmp', net 'proc_0/ALU/net2350' driven by pin 'proc_0/ALU/C2034/Z' has no loads. (LINT-2)
Warning: In design 'gold_cmp', net 'proc_0/ALU/net2349' driven by pin 'proc_0/ALU/C2033/Z' has no loads. (LINT-2)
Warning: In design 'gold_cmp', net 'proc_0/ALU/net2348' driven by pin 'proc_0/ALU/C2027/Z' has no loads. (LINT-2)
Warning: In design 'gold_cmp', net 'proc_0/ALU/net2347' driven by pin 'proc_0/ALU/C2026/Z' has no loads. (LINT-2)
Warning: In design 'gold_cmp', net 'proc_0/ALU/net2346' driven by pin 'proc_0/ALU/C2025/Z' has no loads. (LINT-2)
Warning: In design 'gold_cmp', net 'proc_0/ALU/net2345' driven by pin 'proc_0/ALU/C2024/Z' has no loads. (LINT-2)
Warning: In design 'gold_cmp', net 'proc_0/ALU/net2344' driven by pin 'proc_0/ALU/C2010/Z' has no loads. (LINT-2)
Warning: In design 'gold_cmp', net 'proc_0/ALU/net2343' driven by pin 'proc_0/ALU/C2009/Z' has no loads. (LINT-2)
Warning: In design 'gold_cmp', net 'proc_0/ALU/net2342' driven by pin 'proc_0/ALU/C2008/Z' has no loads. (LINT-2)
Warning: In design 'gold_cmp', net 'proc_0/ALU/net2341' driven by pin 'proc_0/ALU/C2002/Z' has no loads. (LINT-2)
Warning: In design 'gold_cmp', net 'proc_0/ALU/net2340' driven by pin 'proc_0/ALU/C2001/Z' has no loads. (LINT-2)
Warning: In design 'gold_cmp', net 'proc_0/ALU/net2339' driven by pin 'proc_0/ALU/C2000/Z' has no loads. (LINT-2)
Warning: In design 'gold_cmp', net 'proc_0/ALU/net2338' driven by pin 'proc_0/ALU/C1994/Z' has no loads. (LINT-2)
Warning: In design 'gold_cmp', net 'proc_0/ALU/net2337' driven by pin 'proc_0/ALU/C1993/Z' has no loads. (LINT-2)
Warning: In design 'gold_cmp', net 'proc_0/ALU/net2336' driven by pin 'proc_0/ALU/C1992/Z' has no loads. (LINT-2)
Warning: In design 'gold_cmp', net 'proc_0/ALU/net2335' driven by pin 'proc_0/ALU/C1986/Z' has no loads. (LINT-2)
Warning: In design 'gold_cmp', net 'proc_0/ALU/net2334' driven by pin 'proc_0/ALU/C1985/Z' has no loads. (LINT-2)
Warning: In design 'gold_cmp', net 'proc_0/ALU/net2333' driven by pin 'proc_0/ALU/C1984/Z' has no loads. (LINT-2)
Warning: In design 'gold_cmp', net 'proc_0/ALU/net2332' driven by pin 'proc_0/ALU/C1978/Z' has no loads. (LINT-2)
Warning: In design 'gold_cmp', net 'proc_0/ALU/net2331' driven by pin 'proc_0/ALU/C1977/Z' has no loads. (LINT-2)
Warning: In design 'gold_cmp', net 'proc_0/ALU/net2330' driven by pin 'proc_0/ALU/C1976/Z' has no loads. (LINT-2)
Warning: In design 'gold_cmp', net 'proc_0/ALU/net2329' driven by pin 'proc_0/ALU/C1975/Z' has no loads. (LINT-2)
Warning: In design 'gold_cmp', net 'proc_0/ALU/net2328' driven by pin 'proc_0/ALU/C1969/Z' has no loads. (LINT-2)
Warning: In design 'gold_cmp', net 'proc_0/ALU/net2327' driven by pin 'proc_0/ALU/C1968/Z' has no loads. (LINT-2)
Warning: In design 'gold_cmp', net 'proc_0/ALU/net2326' driven by pin 'proc_0/ALU/C1967/Z' has no loads. (LINT-2)
Warning: In design 'gold_cmp', net 'proc_0/ALU/net2325' driven by pin 'proc_0/ALU/C1966/Z' has no loads. (LINT-2)
Warning: In design 'gold_cmp', net 'ring/node0/i0/net38803' driven by pin 'ring/node0/i0/C1250/Z' has no loads. (LINT-2)
Warning: In design 'gold_cmp', net 'ring/node0/i0/net38802' driven by pin 'ring/node0/i0/C1251/Z' has no loads. (LINT-2)
Warning: In design 'gold_processor', output port 'memAddr[0]' is connected directly to output port 'memAddr[15]'. (LINT-31)
Warning: In design 'gold_processor', output port 'memAddr[0]' is connected directly to output port 'memAddr[14]'. (LINT-31)
Warning: In design 'gold_processor', output port 'memAddr[0]' is connected directly to output port 'memAddr[13]'. (LINT-31)
Warning: In design 'gold_processor', output port 'memAddr[0]' is connected directly to output port 'memAddr[12]'. (LINT-31)
Warning: In design 'gold_processor', output port 'memAddr[0]' is connected directly to output port 'memAddr[11]'. (LINT-31)
Warning: In design 'gold_processor', output port 'memAddr[0]' is connected directly to output port 'memAddr[10]'. (LINT-31)
Warning: In design 'gold_processor', output port 'memAddr[0]' is connected directly to output port 'memAddr[9]'. (LINT-31)
Warning: In design 'gold_processor', output port 'memAddr[0]' is connected directly to output port 'memAddr[8]'. (LINT-31)
Warning: In design 'gold_processor', output port 'memAddr[0]' is connected directly to output port 'memAddr[7]'. (LINT-31)
Warning: In design 'gold_processor', output port 'memAddr[0]' is connected directly to output port 'memAddr[6]'. (LINT-31)
Warning: In design 'gold_processor', output port 'memAddr[0]' is connected directly to output port 'memAddr[5]'. (LINT-31)
Warning: In design 'gold_processor', output port 'memAddr[0]' is connected directly to output port 'memAddr[4]'. (LINT-31)
Warning: In design 'gold_processor', output port 'memAddr[0]' is connected directly to output port 'memAddr[3]'. (LINT-31)
Warning: In design 'gold_processor', output port 'memAddr[0]' is connected directly to output port 'memAddr[2]'. (LINT-31)
Warning: In design 'gold_processor', output port 'memAddr[0]' is connected directly to output port 'memAddr[1]'. (LINT-31)
Warning: In design 'gold_processor', output port 'memAddr[30]' is connected directly to output port 'addr[0]'. (LINT-31)
Warning: In design 'gold_processor', output port 'memAddr[31]' is connected directly to output port 'addr[1]'. (LINT-31)
Warning: In design 'gold_processor', output port 'dataOut[0]' is connected directly to output port 'd_in[0]'. (LINT-31)
Warning: In design 'gold_processor', output port 'dataOut[1]' is connected directly to output port 'd_in[1]'. (LINT-31)
Warning: In design 'gold_processor', output port 'dataOut[2]' is connected directly to output port 'd_in[2]'. (LINT-31)
Warning: In design 'gold_processor', output port 'dataOut[3]' is connected directly to output port 'd_in[3]'. (LINT-31)
Warning: In design 'gold_processor', output port 'dataOut[4]' is connected directly to output port 'd_in[4]'. (LINT-31)
Warning: In design 'gold_processor', output port 'dataOut[5]' is connected directly to output port 'd_in[5]'. (LINT-31)
Warning: In design 'gold_processor', output port 'dataOut[6]' is connected directly to output port 'd_in[6]'. (LINT-31)
Warning: In design 'gold_processor', output port 'dataOut[7]' is connected directly to output port 'd_in[7]'. (LINT-31)
Warning: In design 'gold_processor', output port 'dataOut[8]' is connected directly to output port 'd_in[8]'. (LINT-31)
Warning: In design 'gold_processor', output port 'dataOut[9]' is connected directly to output port 'd_in[9]'. (LINT-31)
Warning: In design 'gold_processor', output port 'dataOut[10]' is connected directly to output port 'd_in[10]'. (LINT-31)
Warning: In design 'gold_processor', output port 'dataOut[11]' is connected directly to output port 'd_in[11]'. (LINT-31)
Warning: In design 'gold_processor', output port 'dataOut[12]' is connected directly to output port 'd_in[12]'. (LINT-31)
Warning: In design 'gold_processor', output port 'dataOut[13]' is connected directly to output port 'd_in[13]'. (LINT-31)
Warning: In design 'gold_processor', output port 'dataOut[14]' is connected directly to output port 'd_in[14]'. (LINT-31)
Warning: In design 'gold_processor', output port 'dataOut[15]' is connected directly to output port 'd_in[15]'. (LINT-31)
Warning: In design 'gold_processor', output port 'dataOut[16]' is connected directly to output port 'd_in[16]'. (LINT-31)
Warning: In design 'gold_processor', output port 'dataOut[17]' is connected directly to output port 'd_in[17]'. (LINT-31)
Warning: In design 'gold_processor', output port 'dataOut[18]' is connected directly to output port 'd_in[18]'. (LINT-31)
Warning: In design 'gold_processor', output port 'dataOut[19]' is connected directly to output port 'd_in[19]'. (LINT-31)
Warning: In design 'gold_processor', output port 'dataOut[20]' is connected directly to output port 'd_in[20]'. (LINT-31)
Warning: In design 'gold_processor', output port 'dataOut[21]' is connected directly to output port 'd_in[21]'. (LINT-31)
Warning: In design 'gold_processor', output port 'dataOut[22]' is connected directly to output port 'd_in[22]'. (LINT-31)
Warning: In design 'gold_processor', output port 'dataOut[23]' is connected directly to output port 'd_in[23]'. (LINT-31)
Warning: In design 'gold_processor', output port 'dataOut[24]' is connected directly to output port 'd_in[24]'. (LINT-31)
Warning: In design 'gold_processor', output port 'dataOut[25]' is connected directly to output port 'd_in[25]'. (LINT-31)
Warning: In design 'gold_processor', output port 'dataOut[26]' is connected directly to output port 'd_in[26]'. (LINT-31)
Warning: In design 'gold_processor', output port 'dataOut[27]' is connected directly to output port 'd_in[27]'. (LINT-31)
Warning: In design 'gold_processor', output port 'dataOut[28]' is connected directly to output port 'd_in[28]'. (LINT-31)
Warning: In design 'gold_processor', output port 'dataOut[29]' is connected directly to output port 'd_in[29]'. (LINT-31)
Warning: In design 'gold_processor', output port 'dataOut[30]' is connected directly to output port 'd_in[30]'. (LINT-31)
Warning: In design 'gold_processor', output port 'dataOut[31]' is connected directly to output port 'd_in[31]'. (LINT-31)
Warning: In design 'gold_processor', output port 'dataOut[32]' is connected directly to output port 'd_in[32]'. (LINT-31)
Warning: In design 'gold_processor', output port 'dataOut[33]' is connected directly to output port 'd_in[33]'. (LINT-31)
Warning: In design 'gold_processor', output port 'dataOut[34]' is connected directly to output port 'd_in[34]'. (LINT-31)
Warning: In design 'gold_processor', output port 'dataOut[35]' is connected directly to output port 'd_in[35]'. (LINT-31)
Warning: In design 'gold_processor', output port 'dataOut[36]' is connected directly to output port 'd_in[36]'. (LINT-31)
Warning: In design 'gold_processor', output port 'dataOut[37]' is connected directly to output port 'd_in[37]'. (LINT-31)
Warning: In design 'gold_processor', output port 'dataOut[38]' is connected directly to output port 'd_in[38]'. (LINT-31)
Warning: In design 'gold_processor', output port 'dataOut[39]' is connected directly to output port 'd_in[39]'. (LINT-31)
Warning: In design 'gold_processor', output port 'dataOut[40]' is connected directly to output port 'd_in[40]'. (LINT-31)
Warning: In design 'gold_processor', output port 'dataOut[41]' is connected directly to output port 'd_in[41]'. (LINT-31)
Warning: In design 'gold_processor', output port 'dataOut[42]' is connected directly to output port 'd_in[42]'. (LINT-31)
Warning: In design 'gold_processor', output port 'dataOut[43]' is connected directly to output port 'd_in[43]'. (LINT-31)
Warning: In design 'gold_processor', output port 'dataOut[44]' is connected directly to output port 'd_in[44]'. (LINT-31)
Warning: In design 'gold_processor', output port 'dataOut[45]' is connected directly to output port 'd_in[45]'. (LINT-31)
Warning: In design 'gold_processor', output port 'dataOut[46]' is connected directly to output port 'd_in[46]'. (LINT-31)
Warning: In design 'gold_processor', output port 'dataOut[47]' is connected directly to output port 'd_in[47]'. (LINT-31)
Warning: In design 'gold_processor', output port 'dataOut[48]' is connected directly to output port 'd_in[48]'. (LINT-31)
Warning: In design 'gold_processor', output port 'dataOut[49]' is connected directly to output port 'd_in[49]'. (LINT-31)
Warning: In design 'gold_processor', output port 'dataOut[50]' is connected directly to output port 'd_in[50]'. (LINT-31)
Warning: In design 'gold_processor', output port 'dataOut[51]' is connected directly to output port 'd_in[51]'. (LINT-31)
Warning: In design 'gold_processor', output port 'dataOut[52]' is connected directly to output port 'd_in[52]'. (LINT-31)
Warning: In design 'gold_processor', output port 'dataOut[53]' is connected directly to output port 'd_in[53]'. (LINT-31)
Warning: In design 'gold_processor', output port 'dataOut[54]' is connected directly to output port 'd_in[54]'. (LINT-31)
Warning: In design 'gold_processor', output port 'dataOut[55]' is connected directly to output port 'd_in[55]'. (LINT-31)
Warning: In design 'gold_processor', output port 'dataOut[56]' is connected directly to output port 'd_in[56]'. (LINT-31)
Warning: In design 'gold_processor', output port 'dataOut[57]' is connected directly to output port 'd_in[57]'. (LINT-31)
Warning: In design 'gold_processor', output port 'dataOut[58]' is connected directly to output port 'd_in[58]'. (LINT-31)
Warning: In design 'gold_processor', output port 'dataOut[59]' is connected directly to output port 'd_in[59]'. (LINT-31)
Warning: In design 'gold_processor', output port 'dataOut[60]' is connected directly to output port 'd_in[60]'. (LINT-31)
Warning: In design 'gold_processor', output port 'dataOut[61]' is connected directly to output port 'd_in[61]'. (LINT-31)
Warning: In design 'gold_processor', output port 'dataOut[62]' is connected directly to output port 'd_in[62]'. (LINT-31)
Warning: In design 'gold_processor', output port 'dataOut[63]' is connected directly to output port 'd_in[63]'. (LINT-31)
Warning: In design 'gold_processor', output port 'memAddr[0]' is connected directly to 'logic 0'. (LINT-52)
Warning: In design 'gold_processor', output port 'memAddr[1]' is connected directly to 'logic 0'. (LINT-52)
Warning: In design 'gold_processor', output port 'memAddr[2]' is connected directly to 'logic 0'. (LINT-52)
Warning: In design 'gold_processor', output port 'memAddr[3]' is connected directly to 'logic 0'. (LINT-52)
Warning: In design 'gold_processor', output port 'memAddr[4]' is connected directly to 'logic 0'. (LINT-52)
Warning: In design 'gold_processor', output port 'memAddr[5]' is connected directly to 'logic 0'. (LINT-52)
Warning: In design 'gold_processor', output port 'memAddr[6]' is connected directly to 'logic 0'. (LINT-52)
Warning: In design 'gold_processor', output port 'memAddr[7]' is connected directly to 'logic 0'. (LINT-52)
Warning: In design 'gold_processor', output port 'memAddr[8]' is connected directly to 'logic 0'. (LINT-52)
Warning: In design 'gold_processor', output port 'memAddr[9]' is connected directly to 'logic 0'. (LINT-52)
Warning: In design 'gold_processor', output port 'memAddr[10]' is connected directly to 'logic 0'. (LINT-52)
Warning: In design 'gold_processor', output port 'memAddr[11]' is connected directly to 'logic 0'. (LINT-52)
Warning: In design 'gold_processor', output port 'memAddr[12]' is connected directly to 'logic 0'. (LINT-52)
Warning: In design 'gold_processor', output port 'memAddr[13]' is connected directly to 'logic 0'. (LINT-52)
Warning: In design 'gold_processor', output port 'memAddr[14]' is connected directly to 'logic 0'. (LINT-52)
Warning: In design 'gold_processor', output port 'memAddr[15]' is connected directly to 'logic 0'. (LINT-52)
1
