 
****************************************
check_design summary:
Version:     F-2011.09-SP2
Date:        Wed Apr 13 11:08:19 2016
****************************************

                   Name                                            Total
--------------------------------------------------------------------------------
Inputs/Outputs                                                    388
    Shorted outputs (LINT-31)                                     324
    Constant outputs (LINT-52)                                     64

Cells                                                               8
    Cells do not drive (LINT-1)                                     8

Nets                                                              180
    Unloaded nets (LINT-2)                                        180
--------------------------------------------------------------------------------

Warning: In design 'inputBuffer_PE1_3', cell 'B_9' does not drive any nets. (LINT-1)
Warning: In design 'inputBuffer_PE1_3', cell 'B_10' does not drive any nets. (LINT-1)
Warning: In design 'inputBuffer_PE1_0', cell 'B_9' does not drive any nets. (LINT-1)
Warning: In design 'inputBuffer_PE1_0', cell 'B_10' does not drive any nets. (LINT-1)
Warning: In design 'inputBuffer_PE1_1', cell 'B_9' does not drive any nets. (LINT-1)
Warning: In design 'inputBuffer_PE1_1', cell 'B_10' does not drive any nets. (LINT-1)
Warning: In design 'inputBuffer_PE1_2', cell 'B_9' does not drive any nets. (LINT-1)
Warning: In design 'inputBuffer_PE1_2', cell 'B_10' does not drive any nets. (LINT-1)
Warning: In design 'gold_cmp', net 'proc_0/PC/net2038' driven by pin 'proc_0/PC/C195/Z' has no loads. (LINT-2)
Warning: In design 'gold_cmp', net 'proc_0/ALU/net2180' driven by pin 'proc_0/ALU/C3672/Z' has no loads. (LINT-2)
Warning: In design 'gold_cmp', net 'proc_0/ALU/net2179' driven by pin 'proc_0/ALU/C3671/Z' has no loads. (LINT-2)
Warning: In design 'gold_cmp', net 'proc_0/ALU/net2178' driven by pin 'proc_0/ALU/C3670/Z' has no loads. (LINT-2)
Warning: In design 'gold_cmp', net 'proc_0/ALU/net2177' driven by pin 'proc_0/ALU/C3669/Z' has no loads. (LINT-2)
Warning: In design 'gold_cmp', net 'proc_0/ALU/net2176' driven by pin 'proc_0/ALU/C3663/Z' has no loads. (LINT-2)
Warning: In design 'gold_cmp', net 'proc_0/ALU/net2175' driven by pin 'proc_0/ALU/C3662/Z' has no loads. (LINT-2)
Warning: In design 'gold_cmp', net 'proc_0/ALU/net2174' driven by pin 'proc_0/ALU/C3661/Z' has no loads. (LINT-2)
Warning: In design 'gold_cmp', net 'proc_0/ALU/net2173' driven by pin 'proc_0/ALU/C3660/Z' has no loads. (LINT-2)
Warning: In design 'gold_cmp', net 'proc_0/ALU/net2172' driven by pin 'proc_0/ALU/C3654/Z' has no loads. (LINT-2)
Warning: In design 'gold_cmp', net 'proc_0/ALU/net2171' driven by pin 'proc_0/ALU/C3653/Z' has no loads. (LINT-2)
Warning: In design 'gold_cmp', net 'proc_0/ALU/net2170' driven by pin 'proc_0/ALU/C3652/Z' has no loads. (LINT-2)
Warning: In design 'gold_cmp', net 'proc_0/ALU/net2169' driven by pin 'proc_0/ALU/C3651/Z' has no loads. (LINT-2)
Warning: In design 'gold_cmp', net 'proc_0/ALU/net2168' driven by pin 'proc_0/ALU/C3645/Z' has no loads. (LINT-2)
Warning: In design 'gold_cmp', net 'proc_0/ALU/net2167' driven by pin 'proc_0/ALU/C3644/Z' has no loads. (LINT-2)
Warning: In design 'gold_cmp', net 'proc_0/ALU/net2166' driven by pin 'proc_0/ALU/C3643/Z' has no loads. (LINT-2)
Warning: In design 'gold_cmp', net 'proc_0/ALU/net2165' driven by pin 'proc_0/ALU/C3642/Z' has no loads. (LINT-2)
Warning: In design 'gold_cmp', net 'proc_0/ALU/net2164' driven by pin 'proc_0/ALU/C3636/Z' has no loads. (LINT-2)
Warning: In design 'gold_cmp', net 'proc_0/ALU/net2163' driven by pin 'proc_0/ALU/C3635/Z' has no loads. (LINT-2)
Warning: In design 'gold_cmp', net 'proc_0/ALU/net2162' driven by pin 'proc_0/ALU/C3634/Z' has no loads. (LINT-2)
Warning: In design 'gold_cmp', net 'proc_0/ALU/net2161' driven by pin 'proc_0/ALU/C3633/Z' has no loads. (LINT-2)
Warning: In design 'gold_cmp', net 'proc_0/ALU/net2160' driven by pin 'proc_0/ALU/C3627/Z' has no loads. (LINT-2)
Warning: In design 'gold_cmp', net 'proc_0/ALU/net2159' driven by pin 'proc_0/ALU/C3626/Z' has no loads. (LINT-2)
Warning: In design 'gold_cmp', net 'proc_0/ALU/net2158' driven by pin 'proc_0/ALU/C3625/Z' has no loads. (LINT-2)
Warning: In design 'gold_cmp', net 'proc_0/ALU/net2157' driven by pin 'proc_0/ALU/C3624/Z' has no loads. (LINT-2)
Warning: In design 'gold_cmp', net 'proc_0/ALU/net2156' driven by pin 'proc_0/ALU/C3610/Z' has no loads. (LINT-2)
Warning: In design 'gold_cmp', net 'proc_0/ALU/net2155' driven by pin 'proc_0/ALU/C3609/Z' has no loads. (LINT-2)
Warning: In design 'gold_cmp', net 'proc_0/ALU/net2154' driven by pin 'proc_0/ALU/C3604/Z' has no loads. (LINT-2)
Warning: In design 'gold_cmp', net 'proc_0/ALU/net2153' driven by pin 'proc_0/ALU/C3603/Z' has no loads. (LINT-2)
Warning: In design 'gold_cmp', net 'proc_0/ALU/net2152' driven by pin 'proc_0/ALU/C3598/Z' has no loads. (LINT-2)
Warning: In design 'gold_cmp', net 'proc_0/ALU/net2151' driven by pin 'proc_0/ALU/C3597/Z' has no loads. (LINT-2)
Warning: In design 'gold_cmp', net 'proc_0/ALU/net2150' driven by pin 'proc_0/ALU/C3591/Z' has no loads. (LINT-2)
Warning: In design 'gold_cmp', net 'proc_0/ALU/net2149' driven by pin 'proc_0/ALU/C3590/Z' has no loads. (LINT-2)
Warning: In design 'gold_cmp', net 'proc_0/ALU/net2148' driven by pin 'proc_0/ALU/C3584/Z' has no loads. (LINT-2)
Warning: In design 'gold_cmp', net 'proc_0/ALU/net2147' driven by pin 'proc_0/ALU/C3583/Z' has no loads. (LINT-2)
Warning: In design 'gold_cmp', net 'proc_0/ALU/net2146' driven by pin 'proc_0/ALU/C3582/Z' has no loads. (LINT-2)
Warning: In design 'gold_cmp', net 'proc_0/ALU/net2145' driven by pin 'proc_0/ALU/C3581/Z' has no loads. (LINT-2)
Warning: In design 'gold_cmp', net 'proc_0/ALU/net2144' driven by pin 'proc_0/ALU/C3577/Z' has no loads. (LINT-2)
Warning: In design 'gold_cmp', net 'proc_0/ALU/net2143' driven by pin 'proc_0/ALU/C3576/Z' has no loads. (LINT-2)
Warning: In design 'gold_cmp', net 'proc_0/ALU/net2142' driven by pin 'proc_0/ALU/C3575/Z' has no loads. (LINT-2)
Warning: In design 'gold_cmp', net 'proc_0/ALU/net2141' driven by pin 'proc_0/ALU/C3574/Z' has no loads. (LINT-2)
Warning: In design 'gold_cmp', net 'ring/node0/i0/net9862' driven by pin 'ring/node0/i0/C1261/Z' has no loads. (LINT-2)
Warning: In design 'gold_cmp', net 'ring/node0/i0/net9861' driven by pin 'ring/node0/i0/C1262/Z' has no loads. (LINT-2)
Warning: In design 'gold_cmp', net 'proc_3/PC/net10318' driven by pin 'proc_3/PC/C195/Z' has no loads. (LINT-2)
Warning: In design 'gold_cmp', net 'proc_2/PC/net10388' driven by pin 'proc_2/PC/C195/Z' has no loads. (LINT-2)
Warning: In design 'gold_cmp', net 'proc_1/PC/net10458' driven by pin 'proc_1/PC/C195/Z' has no loads. (LINT-2)
Warning: In design 'gold_cmp', net 'proc_3/ALU/net10666' driven by pin 'proc_3/ALU/C3672/Z' has no loads. (LINT-2)
Warning: In design 'gold_cmp', net 'proc_3/ALU/net10665' driven by pin 'proc_3/ALU/C3671/Z' has no loads. (LINT-2)
Warning: In design 'gold_cmp', net 'proc_3/ALU/net10664' driven by pin 'proc_3/ALU/C3670/Z' has no loads. (LINT-2)
Warning: In design 'gold_cmp', net 'proc_3/ALU/net10663' driven by pin 'proc_3/ALU/C3669/Z' has no loads. (LINT-2)
Warning: In design 'gold_cmp', net 'proc_3/ALU/net10662' driven by pin 'proc_3/ALU/C3663/Z' has no loads. (LINT-2)
Warning: In design 'gold_cmp', net 'proc_3/ALU/net10661' driven by pin 'proc_3/ALU/C3662/Z' has no loads. (LINT-2)
Warning: In design 'gold_cmp', net 'proc_3/ALU/net10660' driven by pin 'proc_3/ALU/C3661/Z' has no loads. (LINT-2)
Warning: In design 'gold_cmp', net 'proc_3/ALU/net10659' driven by pin 'proc_3/ALU/C3660/Z' has no loads. (LINT-2)
Warning: In design 'gold_cmp', net 'proc_3/ALU/net10658' driven by pin 'proc_3/ALU/C3654/Z' has no loads. (LINT-2)
Warning: In design 'gold_cmp', net 'proc_3/ALU/net10657' driven by pin 'proc_3/ALU/C3653/Z' has no loads. (LINT-2)
Warning: In design 'gold_cmp', net 'proc_3/ALU/net10656' driven by pin 'proc_3/ALU/C3652/Z' has no loads. (LINT-2)
Warning: In design 'gold_cmp', net 'proc_3/ALU/net10655' driven by pin 'proc_3/ALU/C3651/Z' has no loads. (LINT-2)
Warning: In design 'gold_cmp', net 'proc_3/ALU/net10654' driven by pin 'proc_3/ALU/C3645/Z' has no loads. (LINT-2)
Warning: In design 'gold_cmp', net 'proc_3/ALU/net10653' driven by pin 'proc_3/ALU/C3644/Z' has no loads. (LINT-2)
Warning: In design 'gold_cmp', net 'proc_3/ALU/net10652' driven by pin 'proc_3/ALU/C3643/Z' has no loads. (LINT-2)
Warning: In design 'gold_cmp', net 'proc_3/ALU/net10651' driven by pin 'proc_3/ALU/C3642/Z' has no loads. (LINT-2)
Warning: In design 'gold_cmp', net 'proc_3/ALU/net10650' driven by pin 'proc_3/ALU/C3636/Z' has no loads. (LINT-2)
Warning: In design 'gold_cmp', net 'proc_3/ALU/net10649' driven by pin 'proc_3/ALU/C3635/Z' has no loads. (LINT-2)
Warning: In design 'gold_cmp', net 'proc_3/ALU/net10648' driven by pin 'proc_3/ALU/C3634/Z' has no loads. (LINT-2)
Warning: In design 'gold_cmp', net 'proc_3/ALU/net10647' driven by pin 'proc_3/ALU/C3633/Z' has no loads. (LINT-2)
Warning: In design 'gold_cmp', net 'proc_3/ALU/net10646' driven by pin 'proc_3/ALU/C3627/Z' has no loads. (LINT-2)
Warning: In design 'gold_cmp', net 'proc_3/ALU/net10645' driven by pin 'proc_3/ALU/C3626/Z' has no loads. (LINT-2)
Warning: In design 'gold_cmp', net 'proc_3/ALU/net10644' driven by pin 'proc_3/ALU/C3625/Z' has no loads. (LINT-2)
Warning: In design 'gold_cmp', net 'proc_3/ALU/net10643' driven by pin 'proc_3/ALU/C3624/Z' has no loads. (LINT-2)
Warning: In design 'gold_cmp', net 'proc_3/ALU/net10642' driven by pin 'proc_3/ALU/C3610/Z' has no loads. (LINT-2)
Warning: In design 'gold_cmp', net 'proc_3/ALU/net10641' driven by pin 'proc_3/ALU/C3609/Z' has no loads. (LINT-2)
Warning: In design 'gold_cmp', net 'proc_3/ALU/net10640' driven by pin 'proc_3/ALU/C3604/Z' has no loads. (LINT-2)
Warning: In design 'gold_cmp', net 'proc_3/ALU/net10639' driven by pin 'proc_3/ALU/C3603/Z' has no loads. (LINT-2)
Warning: In design 'gold_cmp', net 'proc_3/ALU/net10638' driven by pin 'proc_3/ALU/C3598/Z' has no loads. (LINT-2)
Warning: In design 'gold_cmp', net 'proc_3/ALU/net10637' driven by pin 'proc_3/ALU/C3597/Z' has no loads. (LINT-2)
Warning: In design 'gold_cmp', net 'proc_3/ALU/net10636' driven by pin 'proc_3/ALU/C3591/Z' has no loads. (LINT-2)
Warning: In design 'gold_cmp', net 'proc_3/ALU/net10635' driven by pin 'proc_3/ALU/C3590/Z' has no loads. (LINT-2)
Warning: In design 'gold_cmp', net 'proc_3/ALU/net10634' driven by pin 'proc_3/ALU/C3584/Z' has no loads. (LINT-2)
Warning: In design 'gold_cmp', net 'proc_3/ALU/net10633' driven by pin 'proc_3/ALU/C3583/Z' has no loads. (LINT-2)
Warning: In design 'gold_cmp', net 'proc_3/ALU/net10632' driven by pin 'proc_3/ALU/C3582/Z' has no loads. (LINT-2)
Warning: In design 'gold_cmp', net 'proc_3/ALU/net10631' driven by pin 'proc_3/ALU/C3581/Z' has no loads. (LINT-2)
Warning: In design 'gold_cmp', net 'proc_3/ALU/net10630' driven by pin 'proc_3/ALU/C3577/Z' has no loads. (LINT-2)
Warning: In design 'gold_cmp', net 'proc_3/ALU/net10629' driven by pin 'proc_3/ALU/C3576/Z' has no loads. (LINT-2)
Warning: In design 'gold_cmp', net 'proc_3/ALU/net10628' driven by pin 'proc_3/ALU/C3575/Z' has no loads. (LINT-2)
Warning: In design 'gold_cmp', net 'proc_3/ALU/net10627' driven by pin 'proc_3/ALU/C3574/Z' has no loads. (LINT-2)
Warning: In design 'gold_cmp', net 'proc_2/ALU/net18386' driven by pin 'proc_2/ALU/C3672/Z' has no loads. (LINT-2)
Warning: In design 'gold_cmp', net 'proc_2/ALU/net18385' driven by pin 'proc_2/ALU/C3671/Z' has no loads. (LINT-2)
Warning: In design 'gold_cmp', net 'proc_2/ALU/net18384' driven by pin 'proc_2/ALU/C3670/Z' has no loads. (LINT-2)
Warning: In design 'gold_cmp', net 'proc_2/ALU/net18383' driven by pin 'proc_2/ALU/C3669/Z' has no loads. (LINT-2)
Warning: In design 'gold_cmp', net 'proc_2/ALU/net18382' driven by pin 'proc_2/ALU/C3663/Z' has no loads. (LINT-2)
Warning: In design 'gold_cmp', net 'proc_2/ALU/net18381' driven by pin 'proc_2/ALU/C3662/Z' has no loads. (LINT-2)
Warning: In design 'gold_cmp', net 'proc_2/ALU/net18380' driven by pin 'proc_2/ALU/C3661/Z' has no loads. (LINT-2)
Warning: In design 'gold_cmp', net 'proc_2/ALU/net18379' driven by pin 'proc_2/ALU/C3660/Z' has no loads. (LINT-2)
Warning: In design 'gold_cmp', net 'proc_2/ALU/net18378' driven by pin 'proc_2/ALU/C3654/Z' has no loads. (LINT-2)
Warning: In design 'gold_cmp', net 'proc_2/ALU/net18377' driven by pin 'proc_2/ALU/C3653/Z' has no loads. (LINT-2)
Warning: In design 'gold_cmp', net 'proc_2/ALU/net18376' driven by pin 'proc_2/ALU/C3652/Z' has no loads. (LINT-2)
Warning: In design 'gold_cmp', net 'proc_2/ALU/net18375' driven by pin 'proc_2/ALU/C3651/Z' has no loads. (LINT-2)
Warning: In design 'gold_cmp', net 'proc_2/ALU/net18374' driven by pin 'proc_2/ALU/C3645/Z' has no loads. (LINT-2)
Warning: In design 'gold_cmp', net 'proc_2/ALU/net18373' driven by pin 'proc_2/ALU/C3644/Z' has no loads. (LINT-2)
Warning: In design 'gold_cmp', net 'proc_2/ALU/net18372' driven by pin 'proc_2/ALU/C3643/Z' has no loads. (LINT-2)
Warning: In design 'gold_cmp', net 'proc_2/ALU/net18371' driven by pin 'proc_2/ALU/C3642/Z' has no loads. (LINT-2)
Warning: In design 'gold_cmp', net 'proc_2/ALU/net18370' driven by pin 'proc_2/ALU/C3636/Z' has no loads. (LINT-2)
Warning: In design 'gold_cmp', net 'proc_2/ALU/net18369' driven by pin 'proc_2/ALU/C3635/Z' has no loads. (LINT-2)
Warning: In design 'gold_cmp', net 'proc_2/ALU/net18368' driven by pin 'proc_2/ALU/C3634/Z' has no loads. (LINT-2)
Warning: In design 'gold_cmp', net 'proc_2/ALU/net18367' driven by pin 'proc_2/ALU/C3633/Z' has no loads. (LINT-2)
Warning: In design 'gold_cmp', net 'proc_2/ALU/net18366' driven by pin 'proc_2/ALU/C3627/Z' has no loads. (LINT-2)
Warning: In design 'gold_cmp', net 'proc_2/ALU/net18365' driven by pin 'proc_2/ALU/C3626/Z' has no loads. (LINT-2)
Warning: In design 'gold_cmp', net 'proc_2/ALU/net18364' driven by pin 'proc_2/ALU/C3625/Z' has no loads. (LINT-2)
Warning: In design 'gold_cmp', net 'proc_2/ALU/net18363' driven by pin 'proc_2/ALU/C3624/Z' has no loads. (LINT-2)
Warning: In design 'gold_cmp', net 'proc_2/ALU/net18362' driven by pin 'proc_2/ALU/C3610/Z' has no loads. (LINT-2)
Warning: In design 'gold_cmp', net 'proc_2/ALU/net18361' driven by pin 'proc_2/ALU/C3609/Z' has no loads. (LINT-2)
Warning: In design 'gold_cmp', net 'proc_2/ALU/net18360' driven by pin 'proc_2/ALU/C3604/Z' has no loads. (LINT-2)
Warning: In design 'gold_cmp', net 'proc_2/ALU/net18359' driven by pin 'proc_2/ALU/C3603/Z' has no loads. (LINT-2)
Warning: In design 'gold_cmp', net 'proc_2/ALU/net18358' driven by pin 'proc_2/ALU/C3598/Z' has no loads. (LINT-2)
Warning: In design 'gold_cmp', net 'proc_2/ALU/net18357' driven by pin 'proc_2/ALU/C3597/Z' has no loads. (LINT-2)
Warning: In design 'gold_cmp', net 'proc_2/ALU/net18356' driven by pin 'proc_2/ALU/C3591/Z' has no loads. (LINT-2)
Warning: In design 'gold_cmp', net 'proc_2/ALU/net18355' driven by pin 'proc_2/ALU/C3590/Z' has no loads. (LINT-2)
Warning: In design 'gold_cmp', net 'proc_2/ALU/net18354' driven by pin 'proc_2/ALU/C3584/Z' has no loads. (LINT-2)
Warning: In design 'gold_cmp', net 'proc_2/ALU/net18353' driven by pin 'proc_2/ALU/C3583/Z' has no loads. (LINT-2)
Warning: In design 'gold_cmp', net 'proc_2/ALU/net18352' driven by pin 'proc_2/ALU/C3582/Z' has no loads. (LINT-2)
Warning: In design 'gold_cmp', net 'proc_2/ALU/net18351' driven by pin 'proc_2/ALU/C3581/Z' has no loads. (LINT-2)
Warning: In design 'gold_cmp', net 'proc_2/ALU/net18350' driven by pin 'proc_2/ALU/C3577/Z' has no loads. (LINT-2)
Warning: In design 'gold_cmp', net 'proc_2/ALU/net18349' driven by pin 'proc_2/ALU/C3576/Z' has no loads. (LINT-2)
Warning: In design 'gold_cmp', net 'proc_2/ALU/net18348' driven by pin 'proc_2/ALU/C3575/Z' has no loads. (LINT-2)
Warning: In design 'gold_cmp', net 'proc_2/ALU/net18347' driven by pin 'proc_2/ALU/C3574/Z' has no loads. (LINT-2)
Warning: In design 'gold_cmp', net 'proc_1/ALU/net26106' driven by pin 'proc_1/ALU/C3672/Z' has no loads. (LINT-2)
Warning: In design 'gold_cmp', net 'proc_1/ALU/net26105' driven by pin 'proc_1/ALU/C3671/Z' has no loads. (LINT-2)
Warning: In design 'gold_cmp', net 'proc_1/ALU/net26104' driven by pin 'proc_1/ALU/C3670/Z' has no loads. (LINT-2)
Warning: In design 'gold_cmp', net 'proc_1/ALU/net26103' driven by pin 'proc_1/ALU/C3669/Z' has no loads. (LINT-2)
Warning: In design 'gold_cmp', net 'proc_1/ALU/net26102' driven by pin 'proc_1/ALU/C3663/Z' has no loads. (LINT-2)
Warning: In design 'gold_cmp', net 'proc_1/ALU/net26101' driven by pin 'proc_1/ALU/C3662/Z' has no loads. (LINT-2)
Warning: In design 'gold_cmp', net 'proc_1/ALU/net26100' driven by pin 'proc_1/ALU/C3661/Z' has no loads. (LINT-2)
Warning: In design 'gold_cmp', net 'proc_1/ALU/net26099' driven by pin 'proc_1/ALU/C3660/Z' has no loads. (LINT-2)
Warning: In design 'gold_cmp', net 'proc_1/ALU/net26098' driven by pin 'proc_1/ALU/C3654/Z' has no loads. (LINT-2)
Warning: In design 'gold_cmp', net 'proc_1/ALU/net26097' driven by pin 'proc_1/ALU/C3653/Z' has no loads. (LINT-2)
Warning: In design 'gold_cmp', net 'proc_1/ALU/net26096' driven by pin 'proc_1/ALU/C3652/Z' has no loads. (LINT-2)
Warning: In design 'gold_cmp', net 'proc_1/ALU/net26095' driven by pin 'proc_1/ALU/C3651/Z' has no loads. (LINT-2)
Warning: In design 'gold_cmp', net 'proc_1/ALU/net26094' driven by pin 'proc_1/ALU/C3645/Z' has no loads. (LINT-2)
Warning: In design 'gold_cmp', net 'proc_1/ALU/net26093' driven by pin 'proc_1/ALU/C3644/Z' has no loads. (LINT-2)
Warning: In design 'gold_cmp', net 'proc_1/ALU/net26092' driven by pin 'proc_1/ALU/C3643/Z' has no loads. (LINT-2)
Warning: In design 'gold_cmp', net 'proc_1/ALU/net26091' driven by pin 'proc_1/ALU/C3642/Z' has no loads. (LINT-2)
Warning: In design 'gold_cmp', net 'proc_1/ALU/net26090' driven by pin 'proc_1/ALU/C3636/Z' has no loads. (LINT-2)
Warning: In design 'gold_cmp', net 'proc_1/ALU/net26089' driven by pin 'proc_1/ALU/C3635/Z' has no loads. (LINT-2)
Warning: In design 'gold_cmp', net 'proc_1/ALU/net26088' driven by pin 'proc_1/ALU/C3634/Z' has no loads. (LINT-2)
Warning: In design 'gold_cmp', net 'proc_1/ALU/net26087' driven by pin 'proc_1/ALU/C3633/Z' has no loads. (LINT-2)
Warning: In design 'gold_cmp', net 'proc_1/ALU/net26086' driven by pin 'proc_1/ALU/C3627/Z' has no loads. (LINT-2)
Warning: In design 'gold_cmp', net 'proc_1/ALU/net26085' driven by pin 'proc_1/ALU/C3626/Z' has no loads. (LINT-2)
Warning: In design 'gold_cmp', net 'proc_1/ALU/net26084' driven by pin 'proc_1/ALU/C3625/Z' has no loads. (LINT-2)
Warning: In design 'gold_cmp', net 'proc_1/ALU/net26083' driven by pin 'proc_1/ALU/C3624/Z' has no loads. (LINT-2)
Warning: In design 'gold_cmp', net 'proc_1/ALU/net26082' driven by pin 'proc_1/ALU/C3610/Z' has no loads. (LINT-2)
Warning: In design 'gold_cmp', net 'proc_1/ALU/net26081' driven by pin 'proc_1/ALU/C3609/Z' has no loads. (LINT-2)
Warning: In design 'gold_cmp', net 'proc_1/ALU/net26080' driven by pin 'proc_1/ALU/C3604/Z' has no loads. (LINT-2)
Warning: In design 'gold_cmp', net 'proc_1/ALU/net26079' driven by pin 'proc_1/ALU/C3603/Z' has no loads. (LINT-2)
Warning: In design 'gold_cmp', net 'proc_1/ALU/net26078' driven by pin 'proc_1/ALU/C3598/Z' has no loads. (LINT-2)
Warning: In design 'gold_cmp', net 'proc_1/ALU/net26077' driven by pin 'proc_1/ALU/C3597/Z' has no loads. (LINT-2)
Warning: In design 'gold_cmp', net 'proc_1/ALU/net26076' driven by pin 'proc_1/ALU/C3591/Z' has no loads. (LINT-2)
Warning: In design 'gold_cmp', net 'proc_1/ALU/net26075' driven by pin 'proc_1/ALU/C3590/Z' has no loads. (LINT-2)
Warning: In design 'gold_cmp', net 'proc_1/ALU/net26074' driven by pin 'proc_1/ALU/C3584/Z' has no loads. (LINT-2)
Warning: In design 'gold_cmp', net 'proc_1/ALU/net26073' driven by pin 'proc_1/ALU/C3583/Z' has no loads. (LINT-2)
Warning: In design 'gold_cmp', net 'proc_1/ALU/net26072' driven by pin 'proc_1/ALU/C3582/Z' has no loads. (LINT-2)
Warning: In design 'gold_cmp', net 'proc_1/ALU/net26071' driven by pin 'proc_1/ALU/C3581/Z' has no loads. (LINT-2)
Warning: In design 'gold_cmp', net 'proc_1/ALU/net26070' driven by pin 'proc_1/ALU/C3577/Z' has no loads. (LINT-2)
Warning: In design 'gold_cmp', net 'proc_1/ALU/net26069' driven by pin 'proc_1/ALU/C3576/Z' has no loads. (LINT-2)
Warning: In design 'gold_cmp', net 'proc_1/ALU/net26068' driven by pin 'proc_1/ALU/C3575/Z' has no loads. (LINT-2)
Warning: In design 'gold_cmp', net 'proc_1/ALU/net26067' driven by pin 'proc_1/ALU/C3574/Z' has no loads. (LINT-2)
Warning: In design 'gold_cmp', net 'ring/node3/i1/net33788' driven by pin 'ring/node3/i1/C1261/Z' has no loads. (LINT-2)
Warning: In design 'gold_cmp', net 'ring/node3/i1/net33787' driven by pin 'ring/node3/i1/C1262/Z' has no loads. (LINT-2)
Warning: In design 'gold_cmp', net 'ring/node3/i0/net33849' driven by pin 'ring/node3/i0/C1261/Z' has no loads. (LINT-2)
Warning: In design 'gold_cmp', net 'ring/node3/i0/net33848' driven by pin 'ring/node3/i0/C1262/Z' has no loads. (LINT-2)
Warning: In design 'gold_cmp', net 'ring/node2/i1/net33910' driven by pin 'ring/node2/i1/C1261/Z' has no loads. (LINT-2)
Warning: In design 'gold_cmp', net 'ring/node2/i1/net33909' driven by pin 'ring/node2/i1/C1262/Z' has no loads. (LINT-2)
Warning: In design 'gold_cmp', net 'ring/node2/i0/net33971' driven by pin 'ring/node2/i0/C1261/Z' has no loads. (LINT-2)
Warning: In design 'gold_cmp', net 'ring/node2/i0/net33970' driven by pin 'ring/node2/i0/C1262/Z' has no loads. (LINT-2)
Warning: In design 'gold_cmp', net 'ring/node1/i1/net34032' driven by pin 'ring/node1/i1/C1261/Z' has no loads. (LINT-2)
Warning: In design 'gold_cmp', net 'ring/node1/i1/net34031' driven by pin 'ring/node1/i1/C1262/Z' has no loads. (LINT-2)
Warning: In design 'gold_cmp', net 'ring/node1/i0/net34093' driven by pin 'ring/node1/i0/C1261/Z' has no loads. (LINT-2)
Warning: In design 'gold_cmp', net 'ring/node1/i0/net34092' driven by pin 'ring/node1/i0/C1262/Z' has no loads. (LINT-2)
Warning: In design 'gold_cmp', net 'ring/node0/i1/net34154' driven by pin 'ring/node0/i1/C1261/Z' has no loads. (LINT-2)
Warning: In design 'gold_cmp', net 'ring/node0/i1/net34153' driven by pin 'ring/node0/i1/C1262/Z' has no loads. (LINT-2)
Warning: In design 'gold_processor_3', output port 'memAddr[0]' is connected directly to output port 'memAddr[15]'. (LINT-31)
Warning: In design 'gold_processor_3', output port 'memAddr[0]' is connected directly to output port 'memAddr[14]'. (LINT-31)
Warning: In design 'gold_processor_3', output port 'memAddr[0]' is connected directly to output port 'memAddr[13]'. (LINT-31)
Warning: In design 'gold_processor_3', output port 'memAddr[0]' is connected directly to output port 'memAddr[12]'. (LINT-31)
Warning: In design 'gold_processor_3', output port 'memAddr[0]' is connected directly to output port 'memAddr[11]'. (LINT-31)
Warning: In design 'gold_processor_3', output port 'memAddr[0]' is connected directly to output port 'memAddr[10]'. (LINT-31)
Warning: In design 'gold_processor_3', output port 'memAddr[0]' is connected directly to output port 'memAddr[9]'. (LINT-31)
Warning: In design 'gold_processor_3', output port 'memAddr[0]' is connected directly to output port 'memAddr[8]'. (LINT-31)
Warning: In design 'gold_processor_3', output port 'memAddr[0]' is connected directly to output port 'memAddr[7]'. (LINT-31)
Warning: In design 'gold_processor_3', output port 'memAddr[0]' is connected directly to output port 'memAddr[6]'. (LINT-31)
Warning: In design 'gold_processor_3', output port 'memAddr[0]' is connected directly to output port 'memAddr[5]'. (LINT-31)
Warning: In design 'gold_processor_3', output port 'memAddr[0]' is connected directly to output port 'memAddr[4]'. (LINT-31)
Warning: In design 'gold_processor_3', output port 'memAddr[0]' is connected directly to output port 'memAddr[3]'. (LINT-31)
Warning: In design 'gold_processor_3', output port 'memAddr[0]' is connected directly to output port 'memAddr[2]'. (LINT-31)
Warning: In design 'gold_processor_3', output port 'memAddr[0]' is connected directly to output port 'memAddr[1]'. (LINT-31)
Warning: In design 'gold_processor_3', output port 'memAddr[30]' is connected directly to output port 'addr[0]'. (LINT-31)
Warning: In design 'gold_processor_3', output port 'memAddr[31]' is connected directly to output port 'addr[1]'. (LINT-31)
Warning: In design 'gold_processor_3', output port 'dataOut[0]' is connected directly to output port 'd_in[0]'. (LINT-31)
Warning: In design 'gold_processor_3', output port 'dataOut[1]' is connected directly to output port 'd_in[1]'. (LINT-31)
Warning: In design 'gold_processor_3', output port 'dataOut[2]' is connected directly to output port 'd_in[2]'. (LINT-31)
Warning: In design 'gold_processor_3', output port 'dataOut[3]' is connected directly to output port 'd_in[3]'. (LINT-31)
Warning: In design 'gold_processor_3', output port 'dataOut[4]' is connected directly to output port 'd_in[4]'. (LINT-31)
Warning: In design 'gold_processor_3', output port 'dataOut[5]' is connected directly to output port 'd_in[5]'. (LINT-31)
Warning: In design 'gold_processor_3', output port 'dataOut[6]' is connected directly to output port 'd_in[6]'. (LINT-31)
Warning: In design 'gold_processor_3', output port 'dataOut[7]' is connected directly to output port 'd_in[7]'. (LINT-31)
Warning: In design 'gold_processor_3', output port 'dataOut[8]' is connected directly to output port 'd_in[8]'. (LINT-31)
Warning: In design 'gold_processor_3', output port 'dataOut[9]' is connected directly to output port 'd_in[9]'. (LINT-31)
Warning: In design 'gold_processor_3', output port 'dataOut[10]' is connected directly to output port 'd_in[10]'. (LINT-31)
Warning: In design 'gold_processor_3', output port 'dataOut[11]' is connected directly to output port 'd_in[11]'. (LINT-31)
Warning: In design 'gold_processor_3', output port 'dataOut[12]' is connected directly to output port 'd_in[12]'. (LINT-31)
Warning: In design 'gold_processor_3', output port 'dataOut[13]' is connected directly to output port 'd_in[13]'. (LINT-31)
Warning: In design 'gold_processor_3', output port 'dataOut[14]' is connected directly to output port 'd_in[14]'. (LINT-31)
Warning: In design 'gold_processor_3', output port 'dataOut[15]' is connected directly to output port 'd_in[15]'. (LINT-31)
Warning: In design 'gold_processor_3', output port 'dataOut[16]' is connected directly to output port 'd_in[16]'. (LINT-31)
Warning: In design 'gold_processor_3', output port 'dataOut[17]' is connected directly to output port 'd_in[17]'. (LINT-31)
Warning: In design 'gold_processor_3', output port 'dataOut[18]' is connected directly to output port 'd_in[18]'. (LINT-31)
Warning: In design 'gold_processor_3', output port 'dataOut[19]' is connected directly to output port 'd_in[19]'. (LINT-31)
Warning: In design 'gold_processor_3', output port 'dataOut[20]' is connected directly to output port 'd_in[20]'. (LINT-31)
Warning: In design 'gold_processor_3', output port 'dataOut[21]' is connected directly to output port 'd_in[21]'. (LINT-31)
Warning: In design 'gold_processor_3', output port 'dataOut[22]' is connected directly to output port 'd_in[22]'. (LINT-31)
Warning: In design 'gold_processor_3', output port 'dataOut[23]' is connected directly to output port 'd_in[23]'. (LINT-31)
Warning: In design 'gold_processor_3', output port 'dataOut[24]' is connected directly to output port 'd_in[24]'. (LINT-31)
Warning: In design 'gold_processor_3', output port 'dataOut[25]' is connected directly to output port 'd_in[25]'. (LINT-31)
Warning: In design 'gold_processor_3', output port 'dataOut[26]' is connected directly to output port 'd_in[26]'. (LINT-31)
Warning: In design 'gold_processor_3', output port 'dataOut[27]' is connected directly to output port 'd_in[27]'. (LINT-31)
Warning: In design 'gold_processor_3', output port 'dataOut[28]' is connected directly to output port 'd_in[28]'. (LINT-31)
Warning: In design 'gold_processor_3', output port 'dataOut[29]' is connected directly to output port 'd_in[29]'. (LINT-31)
Warning: In design 'gold_processor_3', output port 'dataOut[30]' is connected directly to output port 'd_in[30]'. (LINT-31)
Warning: In design 'gold_processor_3', output port 'dataOut[31]' is connected directly to output port 'd_in[31]'. (LINT-31)
Warning: In design 'gold_processor_3', output port 'dataOut[32]' is connected directly to output port 'd_in[32]'. (LINT-31)
Warning: In design 'gold_processor_3', output port 'dataOut[33]' is connected directly to output port 'd_in[33]'. (LINT-31)
Warning: In design 'gold_processor_3', output port 'dataOut[34]' is connected directly to output port 'd_in[34]'. (LINT-31)
Warning: In design 'gold_processor_3', output port 'dataOut[35]' is connected directly to output port 'd_in[35]'. (LINT-31)
Warning: In design 'gold_processor_3', output port 'dataOut[36]' is connected directly to output port 'd_in[36]'. (LINT-31)
Warning: In design 'gold_processor_3', output port 'dataOut[37]' is connected directly to output port 'd_in[37]'. (LINT-31)
Warning: In design 'gold_processor_3', output port 'dataOut[38]' is connected directly to output port 'd_in[38]'. (LINT-31)
Warning: In design 'gold_processor_3', output port 'dataOut[39]' is connected directly to output port 'd_in[39]'. (LINT-31)
Warning: In design 'gold_processor_3', output port 'dataOut[40]' is connected directly to output port 'd_in[40]'. (LINT-31)
Warning: In design 'gold_processor_3', output port 'dataOut[41]' is connected directly to output port 'd_in[41]'. (LINT-31)
Warning: In design 'gold_processor_3', output port 'dataOut[42]' is connected directly to output port 'd_in[42]'. (LINT-31)
Warning: In design 'gold_processor_3', output port 'dataOut[43]' is connected directly to output port 'd_in[43]'. (LINT-31)
Warning: In design 'gold_processor_3', output port 'dataOut[44]' is connected directly to output port 'd_in[44]'. (LINT-31)
Warning: In design 'gold_processor_3', output port 'dataOut[45]' is connected directly to output port 'd_in[45]'. (LINT-31)
Warning: In design 'gold_processor_3', output port 'dataOut[46]' is connected directly to output port 'd_in[46]'. (LINT-31)
Warning: In design 'gold_processor_3', output port 'dataOut[47]' is connected directly to output port 'd_in[47]'. (LINT-31)
Warning: In design 'gold_processor_3', output port 'dataOut[48]' is connected directly to output port 'd_in[48]'. (LINT-31)
Warning: In design 'gold_processor_3', output port 'dataOut[49]' is connected directly to output port 'd_in[49]'. (LINT-31)
Warning: In design 'gold_processor_3', output port 'dataOut[50]' is connected directly to output port 'd_in[50]'. (LINT-31)
Warning: In design 'gold_processor_3', output port 'dataOut[51]' is connected directly to output port 'd_in[51]'. (LINT-31)
Warning: In design 'gold_processor_3', output port 'dataOut[52]' is connected directly to output port 'd_in[52]'. (LINT-31)
Warning: In design 'gold_processor_3', output port 'dataOut[53]' is connected directly to output port 'd_in[53]'. (LINT-31)
Warning: In design 'gold_processor_3', output port 'dataOut[54]' is connected directly to output port 'd_in[54]'. (LINT-31)
Warning: In design 'gold_processor_3', output port 'dataOut[55]' is connected directly to output port 'd_in[55]'. (LINT-31)
Warning: In design 'gold_processor_3', output port 'dataOut[56]' is connected directly to output port 'd_in[56]'. (LINT-31)
Warning: In design 'gold_processor_3', output port 'dataOut[57]' is connected directly to output port 'd_in[57]'. (LINT-31)
Warning: In design 'gold_processor_3', output port 'dataOut[58]' is connected directly to output port 'd_in[58]'. (LINT-31)
Warning: In design 'gold_processor_3', output port 'dataOut[59]' is connected directly to output port 'd_in[59]'. (LINT-31)
Warning: In design 'gold_processor_3', output port 'dataOut[60]' is connected directly to output port 'd_in[60]'. (LINT-31)
Warning: In design 'gold_processor_3', output port 'dataOut[61]' is connected directly to output port 'd_in[61]'. (LINT-31)
Warning: In design 'gold_processor_3', output port 'dataOut[62]' is connected directly to output port 'd_in[62]'. (LINT-31)
Warning: In design 'gold_processor_3', output port 'dataOut[63]' is connected directly to output port 'd_in[63]'. (LINT-31)
Warning: In design 'gold_processor_0', output port 'memAddr[0]' is connected directly to output port 'memAddr[15]'. (LINT-31)
Warning: In design 'gold_processor_0', output port 'memAddr[0]' is connected directly to output port 'memAddr[14]'. (LINT-31)
Warning: In design 'gold_processor_0', output port 'memAddr[0]' is connected directly to output port 'memAddr[13]'. (LINT-31)
Warning: In design 'gold_processor_0', output port 'memAddr[0]' is connected directly to output port 'memAddr[12]'. (LINT-31)
Warning: In design 'gold_processor_0', output port 'memAddr[0]' is connected directly to output port 'memAddr[11]'. (LINT-31)
Warning: In design 'gold_processor_0', output port 'memAddr[0]' is connected directly to output port 'memAddr[10]'. (LINT-31)
Warning: In design 'gold_processor_0', output port 'memAddr[0]' is connected directly to output port 'memAddr[9]'. (LINT-31)
Warning: In design 'gold_processor_0', output port 'memAddr[0]' is connected directly to output port 'memAddr[8]'. (LINT-31)
Warning: In design 'gold_processor_0', output port 'memAddr[0]' is connected directly to output port 'memAddr[7]'. (LINT-31)
Warning: In design 'gold_processor_0', output port 'memAddr[0]' is connected directly to output port 'memAddr[6]'. (LINT-31)
Warning: In design 'gold_processor_0', output port 'memAddr[0]' is connected directly to output port 'memAddr[5]'. (LINT-31)
Warning: In design 'gold_processor_0', output port 'memAddr[0]' is connected directly to output port 'memAddr[4]'. (LINT-31)
Warning: In design 'gold_processor_0', output port 'memAddr[0]' is connected directly to output port 'memAddr[3]'. (LINT-31)
Warning: In design 'gold_processor_0', output port 'memAddr[0]' is connected directly to output port 'memAddr[2]'. (LINT-31)
Warning: In design 'gold_processor_0', output port 'memAddr[0]' is connected directly to output port 'memAddr[1]'. (LINT-31)
Warning: In design 'gold_processor_0', output port 'memAddr[30]' is connected directly to output port 'addr[0]'. (LINT-31)
Warning: In design 'gold_processor_0', output port 'memAddr[31]' is connected directly to output port 'addr[1]'. (LINT-31)
Warning: In design 'gold_processor_0', output port 'dataOut[0]' is connected directly to output port 'd_in[0]'. (LINT-31)
Warning: In design 'gold_processor_0', output port 'dataOut[1]' is connected directly to output port 'd_in[1]'. (LINT-31)
Warning: In design 'gold_processor_0', output port 'dataOut[2]' is connected directly to output port 'd_in[2]'. (LINT-31)
Warning: In design 'gold_processor_0', output port 'dataOut[3]' is connected directly to output port 'd_in[3]'. (LINT-31)
Warning: In design 'gold_processor_0', output port 'dataOut[4]' is connected directly to output port 'd_in[4]'. (LINT-31)
Warning: In design 'gold_processor_0', output port 'dataOut[5]' is connected directly to output port 'd_in[5]'. (LINT-31)
Warning: In design 'gold_processor_0', output port 'dataOut[6]' is connected directly to output port 'd_in[6]'. (LINT-31)
Warning: In design 'gold_processor_0', output port 'dataOut[7]' is connected directly to output port 'd_in[7]'. (LINT-31)
Warning: In design 'gold_processor_0', output port 'dataOut[8]' is connected directly to output port 'd_in[8]'. (LINT-31)
Warning: In design 'gold_processor_0', output port 'dataOut[9]' is connected directly to output port 'd_in[9]'. (LINT-31)
Warning: In design 'gold_processor_0', output port 'dataOut[10]' is connected directly to output port 'd_in[10]'. (LINT-31)
Warning: In design 'gold_processor_0', output port 'dataOut[11]' is connected directly to output port 'd_in[11]'. (LINT-31)
Warning: In design 'gold_processor_0', output port 'dataOut[12]' is connected directly to output port 'd_in[12]'. (LINT-31)
Warning: In design 'gold_processor_0', output port 'dataOut[13]' is connected directly to output port 'd_in[13]'. (LINT-31)
Warning: In design 'gold_processor_0', output port 'dataOut[14]' is connected directly to output port 'd_in[14]'. (LINT-31)
Warning: In design 'gold_processor_0', output port 'dataOut[15]' is connected directly to output port 'd_in[15]'. (LINT-31)
Warning: In design 'gold_processor_0', output port 'dataOut[16]' is connected directly to output port 'd_in[16]'. (LINT-31)
Warning: In design 'gold_processor_0', output port 'dataOut[17]' is connected directly to output port 'd_in[17]'. (LINT-31)
Warning: In design 'gold_processor_0', output port 'dataOut[18]' is connected directly to output port 'd_in[18]'. (LINT-31)
Warning: In design 'gold_processor_0', output port 'dataOut[19]' is connected directly to output port 'd_in[19]'. (LINT-31)
Warning: In design 'gold_processor_0', output port 'dataOut[20]' is connected directly to output port 'd_in[20]'. (LINT-31)
Warning: In design 'gold_processor_0', output port 'dataOut[21]' is connected directly to output port 'd_in[21]'. (LINT-31)
Warning: In design 'gold_processor_0', output port 'dataOut[22]' is connected directly to output port 'd_in[22]'. (LINT-31)
Warning: In design 'gold_processor_0', output port 'dataOut[23]' is connected directly to output port 'd_in[23]'. (LINT-31)
Warning: In design 'gold_processor_0', output port 'dataOut[24]' is connected directly to output port 'd_in[24]'. (LINT-31)
Warning: In design 'gold_processor_0', output port 'dataOut[25]' is connected directly to output port 'd_in[25]'. (LINT-31)
Warning: In design 'gold_processor_0', output port 'dataOut[26]' is connected directly to output port 'd_in[26]'. (LINT-31)
Warning: In design 'gold_processor_0', output port 'dataOut[27]' is connected directly to output port 'd_in[27]'. (LINT-31)
Warning: In design 'gold_processor_0', output port 'dataOut[28]' is connected directly to output port 'd_in[28]'. (LINT-31)
Warning: In design 'gold_processor_0', output port 'dataOut[29]' is connected directly to output port 'd_in[29]'. (LINT-31)
Warning: In design 'gold_processor_0', output port 'dataOut[30]' is connected directly to output port 'd_in[30]'. (LINT-31)
Warning: In design 'gold_processor_0', output port 'dataOut[31]' is connected directly to output port 'd_in[31]'. (LINT-31)
Warning: In design 'gold_processor_0', output port 'dataOut[32]' is connected directly to output port 'd_in[32]'. (LINT-31)
Warning: In design 'gold_processor_0', output port 'dataOut[33]' is connected directly to output port 'd_in[33]'. (LINT-31)
Warning: In design 'gold_processor_0', output port 'dataOut[34]' is connected directly to output port 'd_in[34]'. (LINT-31)
Warning: In design 'gold_processor_0', output port 'dataOut[35]' is connected directly to output port 'd_in[35]'. (LINT-31)
Warning: In design 'gold_processor_0', output port 'dataOut[36]' is connected directly to output port 'd_in[36]'. (LINT-31)
Warning: In design 'gold_processor_0', output port 'dataOut[37]' is connected directly to output port 'd_in[37]'. (LINT-31)
Warning: In design 'gold_processor_0', output port 'dataOut[38]' is connected directly to output port 'd_in[38]'. (LINT-31)
Warning: In design 'gold_processor_0', output port 'dataOut[39]' is connected directly to output port 'd_in[39]'. (LINT-31)
Warning: In design 'gold_processor_0', output port 'dataOut[40]' is connected directly to output port 'd_in[40]'. (LINT-31)
Warning: In design 'gold_processor_0', output port 'dataOut[41]' is connected directly to output port 'd_in[41]'. (LINT-31)
Warning: In design 'gold_processor_0', output port 'dataOut[42]' is connected directly to output port 'd_in[42]'. (LINT-31)
Warning: In design 'gold_processor_0', output port 'dataOut[43]' is connected directly to output port 'd_in[43]'. (LINT-31)
Warning: In design 'gold_processor_0', output port 'dataOut[44]' is connected directly to output port 'd_in[44]'. (LINT-31)
Warning: In design 'gold_processor_0', output port 'dataOut[45]' is connected directly to output port 'd_in[45]'. (LINT-31)
Warning: In design 'gold_processor_0', output port 'dataOut[46]' is connected directly to output port 'd_in[46]'. (LINT-31)
Warning: In design 'gold_processor_0', output port 'dataOut[47]' is connected directly to output port 'd_in[47]'. (LINT-31)
Warning: In design 'gold_processor_0', output port 'dataOut[48]' is connected directly to output port 'd_in[48]'. (LINT-31)
Warning: In design 'gold_processor_0', output port 'dataOut[49]' is connected directly to output port 'd_in[49]'. (LINT-31)
Warning: In design 'gold_processor_0', output port 'dataOut[50]' is connected directly to output port 'd_in[50]'. (LINT-31)
Warning: In design 'gold_processor_0', output port 'dataOut[51]' is connected directly to output port 'd_in[51]'. (LINT-31)
Warning: In design 'gold_processor_0', output port 'dataOut[52]' is connected directly to output port 'd_in[52]'. (LINT-31)
Warning: In design 'gold_processor_0', output port 'dataOut[53]' is connected directly to output port 'd_in[53]'. (LINT-31)
Warning: In design 'gold_processor_0', output port 'dataOut[54]' is connected directly to output port 'd_in[54]'. (LINT-31)
Warning: In design 'gold_processor_0', output port 'dataOut[55]' is connected directly to output port 'd_in[55]'. (LINT-31)
Warning: In design 'gold_processor_0', output port 'dataOut[56]' is connected directly to output port 'd_in[56]'. (LINT-31)
Warning: In design 'gold_processor_0', output port 'dataOut[57]' is connected directly to output port 'd_in[57]'. (LINT-31)
Warning: In design 'gold_processor_0', output port 'dataOut[58]' is connected directly to output port 'd_in[58]'. (LINT-31)
Warning: In design 'gold_processor_0', output port 'dataOut[59]' is connected directly to output port 'd_in[59]'. (LINT-31)
Warning: In design 'gold_processor_0', output port 'dataOut[60]' is connected directly to output port 'd_in[60]'. (LINT-31)
Warning: In design 'gold_processor_0', output port 'dataOut[61]' is connected directly to output port 'd_in[61]'. (LINT-31)
Warning: In design 'gold_processor_0', output port 'dataOut[62]' is connected directly to output port 'd_in[62]'. (LINT-31)
Warning: In design 'gold_processor_0', output port 'dataOut[63]' is connected directly to output port 'd_in[63]'. (LINT-31)
Warning: In design 'gold_processor_1', output port 'memAddr[0]' is connected directly to output port 'memAddr[15]'. (LINT-31)
Warning: In design 'gold_processor_1', output port 'memAddr[0]' is connected directly to output port 'memAddr[14]'. (LINT-31)
Warning: In design 'gold_processor_1', output port 'memAddr[0]' is connected directly to output port 'memAddr[13]'. (LINT-31)
Warning: In design 'gold_processor_1', output port 'memAddr[0]' is connected directly to output port 'memAddr[12]'. (LINT-31)
Warning: In design 'gold_processor_1', output port 'memAddr[0]' is connected directly to output port 'memAddr[11]'. (LINT-31)
Warning: In design 'gold_processor_1', output port 'memAddr[0]' is connected directly to output port 'memAddr[10]'. (LINT-31)
Warning: In design 'gold_processor_1', output port 'memAddr[0]' is connected directly to output port 'memAddr[9]'. (LINT-31)
Warning: In design 'gold_processor_1', output port 'memAddr[0]' is connected directly to output port 'memAddr[8]'. (LINT-31)
Warning: In design 'gold_processor_1', output port 'memAddr[0]' is connected directly to output port 'memAddr[7]'. (LINT-31)
Warning: In design 'gold_processor_1', output port 'memAddr[0]' is connected directly to output port 'memAddr[6]'. (LINT-31)
Warning: In design 'gold_processor_1', output port 'memAddr[0]' is connected directly to output port 'memAddr[5]'. (LINT-31)
Warning: In design 'gold_processor_1', output port 'memAddr[0]' is connected directly to output port 'memAddr[4]'. (LINT-31)
Warning: In design 'gold_processor_1', output port 'memAddr[0]' is connected directly to output port 'memAddr[3]'. (LINT-31)
Warning: In design 'gold_processor_1', output port 'memAddr[0]' is connected directly to output port 'memAddr[2]'. (LINT-31)
Warning: In design 'gold_processor_1', output port 'memAddr[0]' is connected directly to output port 'memAddr[1]'. (LINT-31)
Warning: In design 'gold_processor_1', output port 'memAddr[30]' is connected directly to output port 'addr[0]'. (LINT-31)
Warning: In design 'gold_processor_1', output port 'memAddr[31]' is connected directly to output port 'addr[1]'. (LINT-31)
Warning: In design 'gold_processor_1', output port 'dataOut[0]' is connected directly to output port 'd_in[0]'. (LINT-31)
Warning: In design 'gold_processor_1', output port 'dataOut[1]' is connected directly to output port 'd_in[1]'. (LINT-31)
Warning: In design 'gold_processor_1', output port 'dataOut[2]' is connected directly to output port 'd_in[2]'. (LINT-31)
Warning: In design 'gold_processor_1', output port 'dataOut[3]' is connected directly to output port 'd_in[3]'. (LINT-31)
Warning: In design 'gold_processor_1', output port 'dataOut[4]' is connected directly to output port 'd_in[4]'. (LINT-31)
Warning: In design 'gold_processor_1', output port 'dataOut[5]' is connected directly to output port 'd_in[5]'. (LINT-31)
Warning: In design 'gold_processor_1', output port 'dataOut[6]' is connected directly to output port 'd_in[6]'. (LINT-31)
Warning: In design 'gold_processor_1', output port 'dataOut[7]' is connected directly to output port 'd_in[7]'. (LINT-31)
Warning: In design 'gold_processor_1', output port 'dataOut[8]' is connected directly to output port 'd_in[8]'. (LINT-31)
Warning: In design 'gold_processor_1', output port 'dataOut[9]' is connected directly to output port 'd_in[9]'. (LINT-31)
Warning: In design 'gold_processor_1', output port 'dataOut[10]' is connected directly to output port 'd_in[10]'. (LINT-31)
Warning: In design 'gold_processor_1', output port 'dataOut[11]' is connected directly to output port 'd_in[11]'. (LINT-31)
Warning: In design 'gold_processor_1', output port 'dataOut[12]' is connected directly to output port 'd_in[12]'. (LINT-31)
Warning: In design 'gold_processor_1', output port 'dataOut[13]' is connected directly to output port 'd_in[13]'. (LINT-31)
Warning: In design 'gold_processor_1', output port 'dataOut[14]' is connected directly to output port 'd_in[14]'. (LINT-31)
Warning: In design 'gold_processor_1', output port 'dataOut[15]' is connected directly to output port 'd_in[15]'. (LINT-31)
Warning: In design 'gold_processor_1', output port 'dataOut[16]' is connected directly to output port 'd_in[16]'. (LINT-31)
Warning: In design 'gold_processor_1', output port 'dataOut[17]' is connected directly to output port 'd_in[17]'. (LINT-31)
Warning: In design 'gold_processor_1', output port 'dataOut[18]' is connected directly to output port 'd_in[18]'. (LINT-31)
Warning: In design 'gold_processor_1', output port 'dataOut[19]' is connected directly to output port 'd_in[19]'. (LINT-31)
Warning: In design 'gold_processor_1', output port 'dataOut[20]' is connected directly to output port 'd_in[20]'. (LINT-31)
Warning: In design 'gold_processor_1', output port 'dataOut[21]' is connected directly to output port 'd_in[21]'. (LINT-31)
Warning: In design 'gold_processor_1', output port 'dataOut[22]' is connected directly to output port 'd_in[22]'. (LINT-31)
Warning: In design 'gold_processor_1', output port 'dataOut[23]' is connected directly to output port 'd_in[23]'. (LINT-31)
Warning: In design 'gold_processor_1', output port 'dataOut[24]' is connected directly to output port 'd_in[24]'. (LINT-31)
Warning: In design 'gold_processor_1', output port 'dataOut[25]' is connected directly to output port 'd_in[25]'. (LINT-31)
Warning: In design 'gold_processor_1', output port 'dataOut[26]' is connected directly to output port 'd_in[26]'. (LINT-31)
Warning: In design 'gold_processor_1', output port 'dataOut[27]' is connected directly to output port 'd_in[27]'. (LINT-31)
Warning: In design 'gold_processor_1', output port 'dataOut[28]' is connected directly to output port 'd_in[28]'. (LINT-31)
Warning: In design 'gold_processor_1', output port 'dataOut[29]' is connected directly to output port 'd_in[29]'. (LINT-31)
Warning: In design 'gold_processor_1', output port 'dataOut[30]' is connected directly to output port 'd_in[30]'. (LINT-31)
Warning: In design 'gold_processor_1', output port 'dataOut[31]' is connected directly to output port 'd_in[31]'. (LINT-31)
Warning: In design 'gold_processor_1', output port 'dataOut[32]' is connected directly to output port 'd_in[32]'. (LINT-31)
Warning: In design 'gold_processor_1', output port 'dataOut[33]' is connected directly to output port 'd_in[33]'. (LINT-31)
Warning: In design 'gold_processor_1', output port 'dataOut[34]' is connected directly to output port 'd_in[34]'. (LINT-31)
Warning: In design 'gold_processor_1', output port 'dataOut[35]' is connected directly to output port 'd_in[35]'. (LINT-31)
Warning: In design 'gold_processor_1', output port 'dataOut[36]' is connected directly to output port 'd_in[36]'. (LINT-31)
Warning: In design 'gold_processor_1', output port 'dataOut[37]' is connected directly to output port 'd_in[37]'. (LINT-31)
Warning: In design 'gold_processor_1', output port 'dataOut[38]' is connected directly to output port 'd_in[38]'. (LINT-31)
Warning: In design 'gold_processor_1', output port 'dataOut[39]' is connected directly to output port 'd_in[39]'. (LINT-31)
Warning: In design 'gold_processor_1', output port 'dataOut[40]' is connected directly to output port 'd_in[40]'. (LINT-31)
Warning: In design 'gold_processor_1', output port 'dataOut[41]' is connected directly to output port 'd_in[41]'. (LINT-31)
Warning: In design 'gold_processor_1', output port 'dataOut[42]' is connected directly to output port 'd_in[42]'. (LINT-31)
Warning: In design 'gold_processor_1', output port 'dataOut[43]' is connected directly to output port 'd_in[43]'. (LINT-31)
Warning: In design 'gold_processor_1', output port 'dataOut[44]' is connected directly to output port 'd_in[44]'. (LINT-31)
Warning: In design 'gold_processor_1', output port 'dataOut[45]' is connected directly to output port 'd_in[45]'. (LINT-31)
Warning: In design 'gold_processor_1', output port 'dataOut[46]' is connected directly to output port 'd_in[46]'. (LINT-31)
Warning: In design 'gold_processor_1', output port 'dataOut[47]' is connected directly to output port 'd_in[47]'. (LINT-31)
Warning: In design 'gold_processor_1', output port 'dataOut[48]' is connected directly to output port 'd_in[48]'. (LINT-31)
Warning: In design 'gold_processor_1', output port 'dataOut[49]' is connected directly to output port 'd_in[49]'. (LINT-31)
Warning: In design 'gold_processor_1', output port 'dataOut[50]' is connected directly to output port 'd_in[50]'. (LINT-31)
Warning: In design 'gold_processor_1', output port 'dataOut[51]' is connected directly to output port 'd_in[51]'. (LINT-31)
Warning: In design 'gold_processor_1', output port 'dataOut[52]' is connected directly to output port 'd_in[52]'. (LINT-31)
Warning: In design 'gold_processor_1', output port 'dataOut[53]' is connected directly to output port 'd_in[53]'. (LINT-31)
Warning: In design 'gold_processor_1', output port 'dataOut[54]' is connected directly to output port 'd_in[54]'. (LINT-31)
Warning: In design 'gold_processor_1', output port 'dataOut[55]' is connected directly to output port 'd_in[55]'. (LINT-31)
Warning: In design 'gold_processor_1', output port 'dataOut[56]' is connected directly to output port 'd_in[56]'. (LINT-31)
Warning: In design 'gold_processor_1', output port 'dataOut[57]' is connected directly to output port 'd_in[57]'. (LINT-31)
Warning: In design 'gold_processor_1', output port 'dataOut[58]' is connected directly to output port 'd_in[58]'. (LINT-31)
Warning: In design 'gold_processor_1', output port 'dataOut[59]' is connected directly to output port 'd_in[59]'. (LINT-31)
Warning: In design 'gold_processor_1', output port 'dataOut[60]' is connected directly to output port 'd_in[60]'. (LINT-31)
Warning: In design 'gold_processor_1', output port 'dataOut[61]' is connected directly to output port 'd_in[61]'. (LINT-31)
Warning: In design 'gold_processor_1', output port 'dataOut[62]' is connected directly to output port 'd_in[62]'. (LINT-31)
Warning: In design 'gold_processor_1', output port 'dataOut[63]' is connected directly to output port 'd_in[63]'. (LINT-31)
Warning: In design 'gold_processor_2', output port 'memAddr[0]' is connected directly to output port 'memAddr[15]'. (LINT-31)
Warning: In design 'gold_processor_2', output port 'memAddr[0]' is connected directly to output port 'memAddr[14]'. (LINT-31)
Warning: In design 'gold_processor_2', output port 'memAddr[0]' is connected directly to output port 'memAddr[13]'. (LINT-31)
Warning: In design 'gold_processor_2', output port 'memAddr[0]' is connected directly to output port 'memAddr[12]'. (LINT-31)
Warning: In design 'gold_processor_2', output port 'memAddr[0]' is connected directly to output port 'memAddr[11]'. (LINT-31)
Warning: In design 'gold_processor_2', output port 'memAddr[0]' is connected directly to output port 'memAddr[10]'. (LINT-31)
Warning: In design 'gold_processor_2', output port 'memAddr[0]' is connected directly to output port 'memAddr[9]'. (LINT-31)
Warning: In design 'gold_processor_2', output port 'memAddr[0]' is connected directly to output port 'memAddr[8]'. (LINT-31)
Warning: In design 'gold_processor_2', output port 'memAddr[0]' is connected directly to output port 'memAddr[7]'. (LINT-31)
Warning: In design 'gold_processor_2', output port 'memAddr[0]' is connected directly to output port 'memAddr[6]'. (LINT-31)
Warning: In design 'gold_processor_2', output port 'memAddr[0]' is connected directly to output port 'memAddr[5]'. (LINT-31)
Warning: In design 'gold_processor_2', output port 'memAddr[0]' is connected directly to output port 'memAddr[4]'. (LINT-31)
Warning: In design 'gold_processor_2', output port 'memAddr[0]' is connected directly to output port 'memAddr[3]'. (LINT-31)
Warning: In design 'gold_processor_2', output port 'memAddr[0]' is connected directly to output port 'memAddr[2]'. (LINT-31)
Warning: In design 'gold_processor_2', output port 'memAddr[0]' is connected directly to output port 'memAddr[1]'. (LINT-31)
Warning: In design 'gold_processor_2', output port 'memAddr[30]' is connected directly to output port 'addr[0]'. (LINT-31)
Warning: In design 'gold_processor_2', output port 'memAddr[31]' is connected directly to output port 'addr[1]'. (LINT-31)
Warning: In design 'gold_processor_2', output port 'dataOut[0]' is connected directly to output port 'd_in[0]'. (LINT-31)
Warning: In design 'gold_processor_2', output port 'dataOut[1]' is connected directly to output port 'd_in[1]'. (LINT-31)
Warning: In design 'gold_processor_2', output port 'dataOut[2]' is connected directly to output port 'd_in[2]'. (LINT-31)
Warning: In design 'gold_processor_2', output port 'dataOut[3]' is connected directly to output port 'd_in[3]'. (LINT-31)
Warning: In design 'gold_processor_2', output port 'dataOut[4]' is connected directly to output port 'd_in[4]'. (LINT-31)
Warning: In design 'gold_processor_2', output port 'dataOut[5]' is connected directly to output port 'd_in[5]'. (LINT-31)
Warning: In design 'gold_processor_2', output port 'dataOut[6]' is connected directly to output port 'd_in[6]'. (LINT-31)
Warning: In design 'gold_processor_2', output port 'dataOut[7]' is connected directly to output port 'd_in[7]'. (LINT-31)
Warning: In design 'gold_processor_2', output port 'dataOut[8]' is connected directly to output port 'd_in[8]'. (LINT-31)
Warning: In design 'gold_processor_2', output port 'dataOut[9]' is connected directly to output port 'd_in[9]'. (LINT-31)
Warning: In design 'gold_processor_2', output port 'dataOut[10]' is connected directly to output port 'd_in[10]'. (LINT-31)
Warning: In design 'gold_processor_2', output port 'dataOut[11]' is connected directly to output port 'd_in[11]'. (LINT-31)
Warning: In design 'gold_processor_2', output port 'dataOut[12]' is connected directly to output port 'd_in[12]'. (LINT-31)
Warning: In design 'gold_processor_2', output port 'dataOut[13]' is connected directly to output port 'd_in[13]'. (LINT-31)
Warning: In design 'gold_processor_2', output port 'dataOut[14]' is connected directly to output port 'd_in[14]'. (LINT-31)
Warning: In design 'gold_processor_2', output port 'dataOut[15]' is connected directly to output port 'd_in[15]'. (LINT-31)
Warning: In design 'gold_processor_2', output port 'dataOut[16]' is connected directly to output port 'd_in[16]'. (LINT-31)
Warning: In design 'gold_processor_2', output port 'dataOut[17]' is connected directly to output port 'd_in[17]'. (LINT-31)
Warning: In design 'gold_processor_2', output port 'dataOut[18]' is connected directly to output port 'd_in[18]'. (LINT-31)
Warning: In design 'gold_processor_2', output port 'dataOut[19]' is connected directly to output port 'd_in[19]'. (LINT-31)
Warning: In design 'gold_processor_2', output port 'dataOut[20]' is connected directly to output port 'd_in[20]'. (LINT-31)
Warning: In design 'gold_processor_2', output port 'dataOut[21]' is connected directly to output port 'd_in[21]'. (LINT-31)
Warning: In design 'gold_processor_2', output port 'dataOut[22]' is connected directly to output port 'd_in[22]'. (LINT-31)
Warning: In design 'gold_processor_2', output port 'dataOut[23]' is connected directly to output port 'd_in[23]'. (LINT-31)
Warning: In design 'gold_processor_2', output port 'dataOut[24]' is connected directly to output port 'd_in[24]'. (LINT-31)
Warning: In design 'gold_processor_2', output port 'dataOut[25]' is connected directly to output port 'd_in[25]'. (LINT-31)
Warning: In design 'gold_processor_2', output port 'dataOut[26]' is connected directly to output port 'd_in[26]'. (LINT-31)
Warning: In design 'gold_processor_2', output port 'dataOut[27]' is connected directly to output port 'd_in[27]'. (LINT-31)
Warning: In design 'gold_processor_2', output port 'dataOut[28]' is connected directly to output port 'd_in[28]'. (LINT-31)
Warning: In design 'gold_processor_2', output port 'dataOut[29]' is connected directly to output port 'd_in[29]'. (LINT-31)
Warning: In design 'gold_processor_2', output port 'dataOut[30]' is connected directly to output port 'd_in[30]'. (LINT-31)
Warning: In design 'gold_processor_2', output port 'dataOut[31]' is connected directly to output port 'd_in[31]'. (LINT-31)
Warning: In design 'gold_processor_2', output port 'dataOut[32]' is connected directly to output port 'd_in[32]'. (LINT-31)
Warning: In design 'gold_processor_2', output port 'dataOut[33]' is connected directly to output port 'd_in[33]'. (LINT-31)
Warning: In design 'gold_processor_2', output port 'dataOut[34]' is connected directly to output port 'd_in[34]'. (LINT-31)
Warning: In design 'gold_processor_2', output port 'dataOut[35]' is connected directly to output port 'd_in[35]'. (LINT-31)
Warning: In design 'gold_processor_2', output port 'dataOut[36]' is connected directly to output port 'd_in[36]'. (LINT-31)
Warning: In design 'gold_processor_2', output port 'dataOut[37]' is connected directly to output port 'd_in[37]'. (LINT-31)
Warning: In design 'gold_processor_2', output port 'dataOut[38]' is connected directly to output port 'd_in[38]'. (LINT-31)
Warning: In design 'gold_processor_2', output port 'dataOut[39]' is connected directly to output port 'd_in[39]'. (LINT-31)
Warning: In design 'gold_processor_2', output port 'dataOut[40]' is connected directly to output port 'd_in[40]'. (LINT-31)
Warning: In design 'gold_processor_2', output port 'dataOut[41]' is connected directly to output port 'd_in[41]'. (LINT-31)
Warning: In design 'gold_processor_2', output port 'dataOut[42]' is connected directly to output port 'd_in[42]'. (LINT-31)
Warning: In design 'gold_processor_2', output port 'dataOut[43]' is connected directly to output port 'd_in[43]'. (LINT-31)
Warning: In design 'gold_processor_2', output port 'dataOut[44]' is connected directly to output port 'd_in[44]'. (LINT-31)
Warning: In design 'gold_processor_2', output port 'dataOut[45]' is connected directly to output port 'd_in[45]'. (LINT-31)
Warning: In design 'gold_processor_2', output port 'dataOut[46]' is connected directly to output port 'd_in[46]'. (LINT-31)
Warning: In design 'gold_processor_2', output port 'dataOut[47]' is connected directly to output port 'd_in[47]'. (LINT-31)
Warning: In design 'gold_processor_2', output port 'dataOut[48]' is connected directly to output port 'd_in[48]'. (LINT-31)
Warning: In design 'gold_processor_2', output port 'dataOut[49]' is connected directly to output port 'd_in[49]'. (LINT-31)
Warning: In design 'gold_processor_2', output port 'dataOut[50]' is connected directly to output port 'd_in[50]'. (LINT-31)
Warning: In design 'gold_processor_2', output port 'dataOut[51]' is connected directly to output port 'd_in[51]'. (LINT-31)
Warning: In design 'gold_processor_2', output port 'dataOut[52]' is connected directly to output port 'd_in[52]'. (LINT-31)
Warning: In design 'gold_processor_2', output port 'dataOut[53]' is connected directly to output port 'd_in[53]'. (LINT-31)
Warning: In design 'gold_processor_2', output port 'dataOut[54]' is connected directly to output port 'd_in[54]'. (LINT-31)
Warning: In design 'gold_processor_2', output port 'dataOut[55]' is connected directly to output port 'd_in[55]'. (LINT-31)
Warning: In design 'gold_processor_2', output port 'dataOut[56]' is connected directly to output port 'd_in[56]'. (LINT-31)
Warning: In design 'gold_processor_2', output port 'dataOut[57]' is connected directly to output port 'd_in[57]'. (LINT-31)
Warning: In design 'gold_processor_2', output port 'dataOut[58]' is connected directly to output port 'd_in[58]'. (LINT-31)
Warning: In design 'gold_processor_2', output port 'dataOut[59]' is connected directly to output port 'd_in[59]'. (LINT-31)
Warning: In design 'gold_processor_2', output port 'dataOut[60]' is connected directly to output port 'd_in[60]'. (LINT-31)
Warning: In design 'gold_processor_2', output port 'dataOut[61]' is connected directly to output port 'd_in[61]'. (LINT-31)
Warning: In design 'gold_processor_2', output port 'dataOut[62]' is connected directly to output port 'd_in[62]'. (LINT-31)
Warning: In design 'gold_processor_2', output port 'dataOut[63]' is connected directly to output port 'd_in[63]'. (LINT-31)
Warning: In design 'gold_processor_3', output port 'memAddr[0]' is connected directly to 'logic 0'. (LINT-52)
Warning: In design 'gold_processor_3', output port 'memAddr[1]' is connected directly to 'logic 0'. (LINT-52)
Warning: In design 'gold_processor_3', output port 'memAddr[2]' is connected directly to 'logic 0'. (LINT-52)
Warning: In design 'gold_processor_3', output port 'memAddr[3]' is connected directly to 'logic 0'. (LINT-52)
Warning: In design 'gold_processor_3', output port 'memAddr[4]' is connected directly to 'logic 0'. (LINT-52)
Warning: In design 'gold_processor_3', output port 'memAddr[5]' is connected directly to 'logic 0'. (LINT-52)
Warning: In design 'gold_processor_3', output port 'memAddr[6]' is connected directly to 'logic 0'. (LINT-52)
Warning: In design 'gold_processor_3', output port 'memAddr[7]' is connected directly to 'logic 0'. (LINT-52)
Warning: In design 'gold_processor_3', output port 'memAddr[8]' is connected directly to 'logic 0'. (LINT-52)
Warning: In design 'gold_processor_3', output port 'memAddr[9]' is connected directly to 'logic 0'. (LINT-52)
Warning: In design 'gold_processor_3', output port 'memAddr[10]' is connected directly to 'logic 0'. (LINT-52)
Warning: In design 'gold_processor_3', output port 'memAddr[11]' is connected directly to 'logic 0'. (LINT-52)
Warning: In design 'gold_processor_3', output port 'memAddr[12]' is connected directly to 'logic 0'. (LINT-52)
Warning: In design 'gold_processor_3', output port 'memAddr[13]' is connected directly to 'logic 0'. (LINT-52)
Warning: In design 'gold_processor_3', output port 'memAddr[14]' is connected directly to 'logic 0'. (LINT-52)
Warning: In design 'gold_processor_3', output port 'memAddr[15]' is connected directly to 'logic 0'. (LINT-52)
Warning: In design 'gold_processor_0', output port 'memAddr[0]' is connected directly to 'logic 0'. (LINT-52)
Warning: In design 'gold_processor_0', output port 'memAddr[1]' is connected directly to 'logic 0'. (LINT-52)
Warning: In design 'gold_processor_0', output port 'memAddr[2]' is connected directly to 'logic 0'. (LINT-52)
Warning: In design 'gold_processor_0', output port 'memAddr[3]' is connected directly to 'logic 0'. (LINT-52)
Warning: In design 'gold_processor_0', output port 'memAddr[4]' is connected directly to 'logic 0'. (LINT-52)
Warning: In design 'gold_processor_0', output port 'memAddr[5]' is connected directly to 'logic 0'. (LINT-52)
Warning: In design 'gold_processor_0', output port 'memAddr[6]' is connected directly to 'logic 0'. (LINT-52)
Warning: In design 'gold_processor_0', output port 'memAddr[7]' is connected directly to 'logic 0'. (LINT-52)
Warning: In design 'gold_processor_0', output port 'memAddr[8]' is connected directly to 'logic 0'. (LINT-52)
Warning: In design 'gold_processor_0', output port 'memAddr[9]' is connected directly to 'logic 0'. (LINT-52)
Warning: In design 'gold_processor_0', output port 'memAddr[10]' is connected directly to 'logic 0'. (LINT-52)
Warning: In design 'gold_processor_0', output port 'memAddr[11]' is connected directly to 'logic 0'. (LINT-52)
Warning: In design 'gold_processor_0', output port 'memAddr[12]' is connected directly to 'logic 0'. (LINT-52)
Warning: In design 'gold_processor_0', output port 'memAddr[13]' is connected directly to 'logic 0'. (LINT-52)
Warning: In design 'gold_processor_0', output port 'memAddr[14]' is connected directly to 'logic 0'. (LINT-52)
Warning: In design 'gold_processor_0', output port 'memAddr[15]' is connected directly to 'logic 0'. (LINT-52)
Warning: In design 'gold_processor_1', output port 'memAddr[0]' is connected directly to 'logic 0'. (LINT-52)
Warning: In design 'gold_processor_1', output port 'memAddr[1]' is connected directly to 'logic 0'. (LINT-52)
Warning: In design 'gold_processor_1', output port 'memAddr[2]' is connected directly to 'logic 0'. (LINT-52)
Warning: In design 'gold_processor_1', output port 'memAddr[3]' is connected directly to 'logic 0'. (LINT-52)
Warning: In design 'gold_processor_1', output port 'memAddr[4]' is connected directly to 'logic 0'. (LINT-52)
Warning: In design 'gold_processor_1', output port 'memAddr[5]' is connected directly to 'logic 0'. (LINT-52)
Warning: In design 'gold_processor_1', output port 'memAddr[6]' is connected directly to 'logic 0'. (LINT-52)
Warning: In design 'gold_processor_1', output port 'memAddr[7]' is connected directly to 'logic 0'. (LINT-52)
Warning: In design 'gold_processor_1', output port 'memAddr[8]' is connected directly to 'logic 0'. (LINT-52)
Warning: In design 'gold_processor_1', output port 'memAddr[9]' is connected directly to 'logic 0'. (LINT-52)
Warning: In design 'gold_processor_1', output port 'memAddr[10]' is connected directly to 'logic 0'. (LINT-52)
Warning: In design 'gold_processor_1', output port 'memAddr[11]' is connected directly to 'logic 0'. (LINT-52)
Warning: In design 'gold_processor_1', output port 'memAddr[12]' is connected directly to 'logic 0'. (LINT-52)
Warning: In design 'gold_processor_1', output port 'memAddr[13]' is connected directly to 'logic 0'. (LINT-52)
Warning: In design 'gold_processor_1', output port 'memAddr[14]' is connected directly to 'logic 0'. (LINT-52)
Warning: In design 'gold_processor_1', output port 'memAddr[15]' is connected directly to 'logic 0'. (LINT-52)
Warning: In design 'gold_processor_2', output port 'memAddr[0]' is connected directly to 'logic 0'. (LINT-52)
Warning: In design 'gold_processor_2', output port 'memAddr[1]' is connected directly to 'logic 0'. (LINT-52)
Warning: In design 'gold_processor_2', output port 'memAddr[2]' is connected directly to 'logic 0'. (LINT-52)
Warning: In design 'gold_processor_2', output port 'memAddr[3]' is connected directly to 'logic 0'. (LINT-52)
Warning: In design 'gold_processor_2', output port 'memAddr[4]' is connected directly to 'logic 0'. (LINT-52)
Warning: In design 'gold_processor_2', output port 'memAddr[5]' is connected directly to 'logic 0'. (LINT-52)
Warning: In design 'gold_processor_2', output port 'memAddr[6]' is connected directly to 'logic 0'. (LINT-52)
Warning: In design 'gold_processor_2', output port 'memAddr[7]' is connected directly to 'logic 0'. (LINT-52)
Warning: In design 'gold_processor_2', output port 'memAddr[8]' is connected directly to 'logic 0'. (LINT-52)
Warning: In design 'gold_processor_2', output port 'memAddr[9]' is connected directly to 'logic 0'. (LINT-52)
Warning: In design 'gold_processor_2', output port 'memAddr[10]' is connected directly to 'logic 0'. (LINT-52)
Warning: In design 'gold_processor_2', output port 'memAddr[11]' is connected directly to 'logic 0'. (LINT-52)
Warning: In design 'gold_processor_2', output port 'memAddr[12]' is connected directly to 'logic 0'. (LINT-52)
Warning: In design 'gold_processor_2', output port 'memAddr[13]' is connected directly to 'logic 0'. (LINT-52)
Warning: In design 'gold_processor_2', output port 'memAddr[14]' is connected directly to 'logic 0'. (LINT-52)
Warning: In design 'gold_processor_2', output port 'memAddr[15]' is connected directly to 'logic 0'. (LINT-52)
1
